<?xml version="1.0" encoding="UTF-8"?>
<testsuite name="WordPuzzleTest" tests="2" skipped="0" failures="0" errors="0" timestamp="2015-08-16T01:27:17" hostname="Admins-MacBook-Pro.local" time="0.004">
  <properties/>
  <testcase name="wordPuzzle_ReplaceAllVowels_AllVowelsBecomeDashes" classname="WordPuzzleTest" time="0.002"/>
  <testcase name="wordPuzzle_ReplaceAllVowels_UnderstandsCase" classname="WordPuzzleTest" time="0.001"/>
  <system-out><![CDATA[]]></system-out>
  <system-err><![CDATA[]]></system-err>
</testsuite>
