<?xml version="1.0" encoding="UTF-8"?>
<testsuite name="IntegratedTests" tests="2" skipped="0" failures="0" errors="0" timestamp="2015-08-14T22:59:12" hostname="Admins-MacBook-Pro.local" time="0.742">
  <properties/>
  <testcase name="rootTest" classname="IntegratedTests" time="0.58"/>
  <testcase name="wordPuzzle_makeStringCryptic_containsDashes" classname="IntegratedTests" time="0.148"/>
  <system-out><![CDATA[]]></system-out>
  <system-err><![CDATA[[Thread-4] INFO spark.webserver.SparkServer - == Spark has ignited ...
[Thread-4] INFO spark.webserver.SparkServer - >> Listening on 0.0.0.0:4567
[Thread-4] INFO org.eclipse.jetty.server.Server - jetty-9.0.2.v20130417
[Thread-4] INFO org.eclipse.jetty.server.ServerConnector - Started ServerConnector@4b70c6ff{HTTP/1.1}{0.0.0.0:4567}
[Test worker] INFO spark.webserver.SparkServer - >>> Spark shutting down ...
[Test worker] INFO org.eclipse.jetty.server.Server - Graceful shutdown org.eclipse.jetty.server.Server@23139a15 by 
[Test worker] INFO org.eclipse.jetty.server.ServerConnector - Stopped ServerConnector@4b70c6ff{HTTP/1.1}{0.0.0.0:4567}
[Test worker] INFO spark.webserver.SparkServer - done
]]></system-err>
</testsuite>
