<?xml version="1.0" encoding="UTF-8"?>
<testsuite name="WordPuzzleTest" tests="1" skipped="0" failures="0" errors="0" timestamp="2015-08-14T22:50:26" hostname="Admins-MacBook-Pro.local" time="0.0">
  <properties/>
  <testcase name="wordPuzzle_ReplaceAllVowels_AllVowelsBecomeDashes" classname="WordPuzzleTest" time="0.0"/>
  <system-out><![CDATA[]]></system-out>
  <system-err><![CDATA[]]></system-err>
</testsuite>
